Flutter crash report.
Please report a bug at https://github.com/flutter/flutter/issues.

## command

flutter --no-color pub get

## exception

FileSystemException: FileSystemException: Deletion failed, path = 'C:\Users\AmirHosseinM\StudioProjects\flutter_map_open_street\.ios' (OS Error: The directory is not empty.
, errno = 145)

```
#0      _Directory._deleteSync (dart:io/directory_impl.dart:201:7)
#1      FileSystemEntity.deleteSync (dart:io/file_system_entity.dart:412:7)
#2      ForwardingFileSystemEntity.deleteSync (package:file/src/forwarding/forwarding_file_system_entity.dart:70:16)
#3      ErrorHandlingDirectory.deleteSync.<anonymous closure> (package:flutter_tools/src/base/error_handling_io.dart:486:22)
#4      _runSync (package:flutter_tools/src/base/error_handling_io.dart:597:14)
#5      ErrorHandlingDirectory.deleteSync (package:flutter_tools/src/base/error_handling_io.dart:485:12)
#6      ErrorHandlingFileSystem.deleteIfExists (package:flutter_tools/src/base/error_handling_io.dart:82:12)
#7      IosProject._regenerateFromTemplateIfNeeded (package:flutter_tools/src/xcode_project.dart:385:29)
#8      IosProject.ensureReadyForPlatformSpecificTooling (package:flutter_tools/src/xcode_project.dart:321:11)
#9      FlutterProject.ensureReadyForPlatformSpecificTooling (package:flutter_tools/src/project.dart:364:17)
<asynchronous suspension>
#10     PackagesGetCommand.runCommand (package:flutter_tools/src/commands/packages.dart:177:5)
<asynchronous suspension>
#11     FlutterCommand.run.<anonymous closure> (package:flutter_tools/src/runner/flutter_command.dart:1183:27)
<asynchronous suspension>
#12     AppContext.run.<anonymous closure> (package:flutter_tools/src/base/context.dart:150:19)
<asynchronous suspension>
#13     CommandRunner.runCommand (package:args/command_runner.dart:209:13)
<asynchronous suspension>
#14     FlutterCommandRunner.runCommand.<anonymous closure> (package:flutter_tools/src/runner/flutter_command_runner.dart:281:9)
<asynchronous suspension>
#15     AppContext.run.<anonymous closure> (package:flutter_tools/src/base/context.dart:150:19)
<asynchronous suspension>
#16     FlutterCommandRunner.runCommand (package:flutter_tools/src/runner/flutter_command_runner.dart:229:5)
<asynchronous suspension>
#17     run.<anonymous closure>.<anonymous closure> (package:flutter_tools/runner.dart:62:9)
<asynchronous suspension>
#18     AppContext.run.<anonymous closure> (package:flutter_tools/src/base/context.dart:150:19)
<asynchronous suspension>
#19     main (package:flutter_tools/executable.dart:94:3)
<asynchronous suspension>
```

## flutter doctor

```
[✓] Flutter (Channel stable, 3.0.2, on Microsoft Windows [Version 10.0.19043.1766], locale en-US)
    • Flutter version 3.0.2 at C:\flutterSDK\flutter
    • Upstream repository https://github.com/flutter/flutter.git
    • Framework revision cd41fdd495 (10 days ago), 2022-06-08 09:52:13 -0700
    • Engine revision f15f824b57
    • Dart version 2.17.3
    • DevTools version 2.12.2

[✓] Android toolchain - develop for Android devices (Android SDK version 30.0.3)
    • Android SDK at C:\androidsdk
    • Platform android-30, build-tools 30.0.3
    • ANDROID_HOME = C:\androidsdk
    • Java binary at: C:\Program Files\Android\Android Studio\jre\bin\java
    • Java version OpenJDK Runtime Environment (build 11.0.8+10-b944.6842174)
    • All Android licenses accepted.

[✓] Chrome - develop for the web
    • Chrome at C:\Program Files\Google\Chrome\Application\chrome.exe

[✓] Android Studio (version 4.2)
    • Android Studio at C:\Program Files\Android\Android Studio
    • Flutter plugin can be installed from:
      🔨 https://plugins.jetbrains.com/plugin/9212-flutter
    • Dart plugin can be installed from:
      🔨 https://plugins.jetbrains.com/plugin/6351-dart
    • Java version OpenJDK Runtime Environment (build 11.0.8+10-b944.6842174)

[✓] VS Code (version 1.67.1)
    • VS Code at C:\Users\AmirHosseinM\AppData\Local\Programs\Microsoft VS Code
    • Flutter extension can be installed from:
      🔨 https://marketplace.visualstudio.com/items?itemName=Dart-Code.flutter

[✓] Connected device (2 available)
    • Chrome (web) • chrome • web-javascript • Google Chrome 102.0.5005.115
    • Edge (web)   • edge   • web-javascript • Microsoft Edge 102.0.1245.44

[✓] HTTP Host Availability
    • All required HTTP hosts are available

• No issues found!
```
